2020.12.22 21:17:42 INFO  Started: Metals version 0.9.8 in workspace 'D:\scalaweb' for client vscode.
2020.12.22 21:17:43 INFO  time: initialize in 1.23s
2020.12.22 21:17:45 WARN  Build server is not auto-connectable.
2020.12.22 21:18:31 WARN  no build target for: D:\scalaweb\app\controllers\HomeController copy.scala
2020.12.22 21:18:52 INFO  no build target: using presentation compiler with only scala-library
Dec 22, 2020 9:18:52 PM org.eclipse.lsp4j.jsonrpc.RemoteEndpoint handleCancellation
WARNING: Unmatched cancel notification for request id 4
Dec 22, 2020 9:18:52 PM org.eclipse.lsp4j.jsonrpc.RemoteEndpoint handleCancellation
WARNING: Unmatched cancel notification for request id 6
2020.12.22 21:18:52 WARN  no build target for: D:\scalaweb\app\controllers\Kelompok.scala
Dec 22, 2020 9:18:52 PM org.eclipse.lsp4j.jsonrpc.RemoteEndpoint handleCancellation
WARNING: Unmatched cancel notification for request id 7
Dec 22, 2020 9:18:52 PM org.eclipse.lsp4j.jsonrpc.RemoteEndpoint handleCancellation
WARNING: Unmatched cancel notification for request id 10
Dec 22, 2020 9:18:52 PM org.eclipse.lsp4j.jsonrpc.RemoteEndpoint handleCancellation
WARNING: Unmatched cancel notification for request id 11
Dec 22, 2020 9:18:52 PM org.eclipse.lsp4j.jsonrpc.RemoteEndpoint handleCancellation
WARNING: Unmatched cancel notification for request id 13
Dec 22, 2020 9:18:52 PM org.eclipse.lsp4j.jsonrpc.RemoteEndpoint handleCancellation
WARNING: Unmatched cancel notification for request id 15
Dec 22, 2020 9:18:52 PM org.eclipse.lsp4j.jsonrpc.RemoteEndpoint handleCancellation
WARNING: Unmatched cancel notification for request id 14
Dec 22, 2020 9:18:52 PM org.eclipse.lsp4j.jsonrpc.RemoteEndpoint handleCancellation
WARNING: Unmatched cancel notification for request id 21
2020.12.22 21:18:52 WARN  no build target for: D:\scalaweb\app\controllers\Kelompok.scala
2020.12.22 21:19:52 WARN  no build target for: D:\scalaweb\app\controllers\Kelompok.scala
2020.12.22 21:20:09 WARN  code navigation does not work for the file 'D:\scalaweb\app\controllers\Kelompok.scala' because it doesn't belong to a build target.
2020.12.22 21:20:20 WARN  no build target for: D:\scalaweb\app\controllers\Kelompok.scala
2020.12.22 21:20:21 WARN  code navigation does not work for the file 'D:\scalaweb\app\controllers\Kelompok.scala' because it doesn't belong to a build target.
2020.12.22 21:20:21 WARN  code navigation does not work for the file 'D:\scalaweb\app\controllers\Kelompok.scala' because it doesn't belong to a build target.
2020.12.22 21:20:21 WARN  code navigation does not work for the file 'D:\scalaweb\app\controllers\Kelompok.scala' because it doesn't belong to a build target.
2020.12.22 21:20:35 WARN  no build target for: D:\scalaweb\app\controllers\Kelompok.scala
2020.12.22 21:20:52 WARN  no build target for: D:\scalaweb\app\controllers\Kelompok.scala
2020.12.22 21:21:20 WARN  no build target for: D:\scalaweb\app\controllers\HomeController.scala
2020.12.22 21:21:41 WARN  code navigation does not work for the file 'D:\scalaweb\app\controllers\Kelompok.scala' because it doesn't belong to a build target.
2020.12.22 21:21:41 WARN  code navigation does not work for the file 'D:\scalaweb\app\controllers\Kelompok.scala' because it doesn't belong to a build target.
2020.12.22 21:21:41 WARN  code navigation does not work for the file 'D:\scalaweb\app\controllers\Kelompok.scala' because it doesn't belong to a build target.
2020.12.22 21:21:41 WARN  code navigation does not work for the file 'D:\scalaweb\app\controllers\Kelompok.scala' because it doesn't belong to a build target.
2020.12.22 21:22:09 WARN  no build target for: D:\scalaweb\app\controllers\Kelompok.scala
2020.12.22 21:22:14 WARN  code navigation does not work for the file 'D:\scalaweb\app\controllers\Kelompok.scala' because it doesn't belong to a build target.
2020.12.22 21:22:14 WARN  code navigation does not work for the file 'D:\scalaweb\app\controllers\Kelompok.scala' because it doesn't belong to a build target.
2020.12.22 21:22:14 WARN  no build target for: D:\scalaweb\app\controllers\Kelompok.scala
2020.12.22 21:22:16 WARN  code navigation does not work for the file 'D:\scalaweb\app\controllers\Kelompok.scala' because it doesn't belong to a build target.
2020.12.22 21:22:18 WARN  code navigation does not work for the file 'D:\scalaweb\app\controllers\Kelompok.scala' because it doesn't belong to a build target.
2020.12.22 21:23:57 WARN  no build target for: D:\scalaweb\app\controllers\Kelompok.scala
2020.12.22 21:24:00 WARN  code navigation does not work for the file 'D:\scalaweb\app\controllers\Kelompok.scala' because it doesn't belong to a build target.
2020.12.22 21:24:00 WARN  code navigation does not work for the file 'D:\scalaweb\app\controllers\Kelompok.scala' because it doesn't belong to a build target.
2020.12.22 21:24:00 WARN  code navigation does not work for the file 'D:\scalaweb\app\controllers\Kelompok.scala' because it doesn't belong to a build target.
2020.12.22 21:24:37 WARN  no build target for: D:\scalaweb\app\controllers\Kelompok.scala
2020.12.22 21:24:41 WARN  no build target for: D:\scalaweb\app\controllers\Kelompok.scala
2020.12.22 21:26:03 WARN  code navigation does not work for the file 'D:\scalaweb\app\controllers\HomeController.scala' because it doesn't belong to a build target.
2020.12.22 21:26:05 WARN  code navigation does not work for the file 'D:\scalaweb\app\controllers\Kelompok.scala' because it doesn't belong to a build target.
2020.12.22 21:26:05 WARN  no build target for: D:\scalaweb\app\controllers\Kelompok.scala
2020.12.22 21:27:51 WARN  no build target for: D:\scalaweb\app\controllers\HomeController.scala
2020.12.22 21:55:54 WARN  code navigation does not work for the file 'D:\scalaweb\app\controllers\Kelompok.scala' because it doesn't belong to a build target.
2020.12.22 21:55:54 WARN  no build target for: D:\scalaweb\app\controllers\Kelompok.scala
2020.12.22 21:55:54 WARN  code navigation does not work for the file 'D:\scalaweb\app\controllers\Kelompok.scala' because it doesn't belong to a build target.
2020.12.22 21:55:56 WARN  code navigation does not work for the file 'D:\scalaweb\app\controllers\Kelompok.scala' because it doesn't belong to a build target.
2020.12.22 21:55:58 WARN  code navigation does not work for the file 'D:\scalaweb\app\controllers\Kelompok.scala' because it doesn't belong to a build target.
2020.12.22 21:55:58 WARN  code navigation does not work for the file 'D:\scalaweb\app\controllers\Kelompok.scala' because it doesn't belong to a build target.
2020.12.22 21:55:58 WARN  no build target for: D:\scalaweb\app\controllers\Kelompok.scala
2020.12.22 21:55:58 WARN  code navigation does not work for the file 'D:\scalaweb\app\controllers\Kelompok.scala' because it doesn't belong to a build target.
2020.12.22 21:56:05 WARN  no build target for: D:\scalaweb\app\controllers\Kelompok.scala
2020.12.22 21:56:30 WARN  no build target for: D:\scalaweb\app\controllers\Kelompok.scala
2020.12.22 21:57:41 WARN  code navigation does not work for the file 'D:\scalaweb\app\controllers\Kelompok.scala' because it doesn't belong to a build target.
2020.12.22 21:57:42 WARN  no build target for: D:\scalaweb\app\controllers\Kelompok.scala
2020.12.22 21:57:51 WARN  no build target for: D:\scalaweb\app\controllers\Kelompok.scala
2020.12.22 21:58:13 WARN  no build target for: D:\scalaweb\app\controllers\Kelompok.scala
2020.12.22 21:59:28 WARN  no build target for: D:\scalaweb\app\controllers\Kelompok.scala
2020.12.22 21:59:41 WARN  code navigation does not work for the file 'D:\scalaweb\app\controllers\Kelompok.scala' because it doesn't belong to a build target.
2020.12.22 21:59:41 WARN  no build target for: D:\scalaweb\app\controllers\Kelompok.scala
2020.12.22 21:59:49 WARN  no build target for: D:\scalaweb\app\controllers\Kelompok.scala
2020.12.22 21:59:50 WARN  no build target for: D:\scalaweb\app\controllers\Kelompok.scala
2020.12.22 22:00:06 WARN  no build target for: D:\scalaweb\app\controllers\Kelompok.scala
2020.12.22 22:00:06 WARN  code navigation does not work for the file 'D:\scalaweb\app\controllers\Kelompok.scala' because it doesn't belong to a build target.
2020.12.22 22:01:10 WARN  code navigation does not work for the file 'D:\scalaweb\app\controllers\Kelompok.scala' because it doesn't belong to a build target.
2020.12.22 22:01:10 WARN  code navigation does not work for the file 'D:\scalaweb\app\controllers\Kelompok.scala' because it doesn't belong to a build target.
2020.12.22 22:01:10 WARN  code navigation does not work for the file 'D:\scalaweb\app\controllers\Kelompok.scala' because it doesn't belong to a build target.
2020.12.22 22:01:10 WARN  code navigation does not work for the file 'D:\scalaweb\app\controllers\Kelompok.scala' because it doesn't belong to a build target.
2020.12.22 22:01:17 WARN  no build target for: D:\scalaweb\app\controllers\Kelompok.scala
2020.12.22 22:01:17 WARN  code navigation does not work for the file 'D:\scalaweb\app\controllers\Kelompok.scala' because it doesn't belong to a build target.
2020.12.22 22:02:27 WARN  no build target for: D:\scalaweb\app\controllers\Kelompok.scala
2020.12.22 22:02:30 WARN  no build target for: D:\scalaweb\app\controllers\Kelompok.scala
2020.12.22 22:02:40 WARN  no build target for: D:\scalaweb\app\controllers\Kelompok.scala
2020.12.22 22:02:53 WARN  no build target for: D:\scalaweb\app\controllers\Kelompok.scala
2020.12.22 22:03:05 WARN  no build target for: D:\scalaweb\app\controllers\Kelompok.scala
2020.12.22 22:03:29 WARN  code navigation does not work for the file 'D:\scalaweb\app\controllers\Kelompok.scala' because it doesn't belong to a build target.
2020.12.22 22:03:29 WARN  no build target for: D:\scalaweb\app\controllers\Kelompok.scala
2020.12.22 22:03:29 WARN  code navigation does not work for the file 'D:\scalaweb\app\controllers\Kelompok.scala' because it doesn't belong to a build target.
2020.12.22 22:03:29 WARN  code navigation does not work for the file 'D:\scalaweb\app\controllers\Kelompok.scala' because it doesn't belong to a build target.
2020.12.22 22:03:32 WARN  code navigation does not work for the file 'D:\scalaweb\app\controllers\Kelompok.scala' because it doesn't belong to a build target.
2020.12.22 22:03:32 WARN  no build target for: D:\scalaweb\app\controllers\Kelompok.scala
2020.12.22 22:03:45 WARN  code navigation does not work for the file 'D:\scalaweb\app\controllers\Kelompok.scala' because it doesn't belong to a build target.
2020.12.22 22:03:47 WARN  no build target for: D:\scalaweb\app\controllers\Kelompok.scala
2020.12.22 22:03:47 WARN  code navigation does not work for the file 'D:\scalaweb\app\controllers\Kelompok.scala' because it doesn't belong to a build target.
2020.12.22 22:04:00 WARN  no build target for: D:\scalaweb\app\controllers\Kelompok.scala
2020.12.22 22:06:20 WARN  no build target for: D:\scalaweb\app\controllers\Kelompok.scala
2020.12.22 22:06:29 WARN  no build target for: D:\scalaweb\app\controllers\Kelompok.scala
2020.12.22 22:06:29 WARN  no build target for: D:\scalaweb\app\controllers\Kelompok.scala
2020.12.22 22:07:09 WARN  no build target for: D:\scalaweb\app\controllers\Kelompok.scala
2020.12.22 22:07:10 WARN  code navigation does not work for the file 'D:\scalaweb\app\controllers\Kelompok.scala' because it doesn't belong to a build target.
2020.12.22 22:07:10 WARN  code navigation does not work for the file 'D:\scalaweb\app\controllers\Kelompok.scala' because it doesn't belong to a build target.
2020.12.22 22:07:10 WARN  no build target for: D:\scalaweb\app\controllers\Kelompok.scala
2020.12.22 22:22:25 WARN  code navigation does not work for the file 'D:\scalaweb\app\controllers\Kelompok.scala' because it doesn't belong to a build target.
2020.12.22 22:22:25 WARN  no build target for: D:\scalaweb\app\controllers\Kelompok.scala
2020.12.22 22:22:25 WARN  code navigation does not work for the file 'D:\scalaweb\app\controllers\Kelompok.scala' because it doesn't belong to a build target.
2020.12.22 22:22:25 WARN  code navigation does not work for the file 'D:\scalaweb\app\controllers\Kelompok.scala' because it doesn't belong to a build target.
2020.12.22 22:22:25 WARN  code navigation does not work for the file 'D:\scalaweb\app\controllers\Kelompok.scala' because it doesn't belong to a build target.
2020.12.22 22:22:27 WARN  code navigation does not work for the file 'D:\scalaweb\app\controllers\Kelompok.scala' because it doesn't belong to a build target.
2020.12.22 22:22:27 WARN  code navigation does not work for the file 'D:\scalaweb\app\controllers\Kelompok.scala' because it doesn't belong to a build target.
2020.12.22 22:22:28 WARN  code navigation does not work for the file 'D:\scalaweb\app\controllers\Kelompok.scala' because it doesn't belong to a build target.
2020.12.22 22:22:28 WARN  code navigation does not work for the file 'D:\scalaweb\app\controllers\Kelompok.scala' because it doesn't belong to a build target.
2020.12.22 22:22:29 WARN  code navigation does not work for the file 'D:\scalaweb\app\controllers\Kelompok.scala' because it doesn't belong to a build target.
2020.12.22 22:22:29 WARN  code navigation does not work for the file 'D:\scalaweb\app\controllers\Kelompok.scala' because it doesn't belong to a build target.
2020.12.22 22:22:30 WARN  code navigation does not work for the file 'D:\scalaweb\app\controllers\Kelompok.scala' because it doesn't belong to a build target.
2020.12.22 22:22:30 WARN  code navigation does not work for the file 'D:\scalaweb\app\controllers\Kelompok.scala' because it doesn't belong to a build target.
2020.12.22 22:22:30 WARN  code navigation does not work for the file 'D:\scalaweb\app\controllers\Kelompok.scala' because it doesn't belong to a build target.
2020.12.22 22:22:33 WARN  no build target for: D:\scalaweb\app\controllers\Kelompok.scala
2020.12.22 22:23:05 WARN  no build target for: D:\scalaweb\app\controllers\Kelompok.scala
2020.12.22 22:23:12 WARN  no build target for: D:\scalaweb\app\controllers\Kelompok.scala
2020.12.22 22:33:38 WARN  code navigation does not work for the file 'D:\scalaweb\app\controllers\Kelompok.scala' because it doesn't belong to a build target.
2020.12.22 22:33:38 WARN  no build target for: D:\scalaweb\app\controllers\Kelompok.scala
2020.12.22 22:33:38 WARN  code navigation does not work for the file 'D:\scalaweb\app\controllers\Kelompok.scala' because it doesn't belong to a build target.
2020.12.22 22:33:42 WARN  code navigation does not work for the file 'D:\scalaweb\app\controllers\Kelompok.scala' because it doesn't belong to a build target.
2020.12.22 22:33:42 WARN  no build target for: D:\scalaweb\app\controllers\Kelompok.scala
2020.12.22 22:33:42 WARN  code navigation does not work for the file 'D:\scalaweb\app\controllers\Kelompok.scala' because it doesn't belong to a build target.
2020.12.22 22:33:45 WARN  no build target for: D:\scalaweb\app\controllers\Kelompok.scala
2020.12.22 22:33:48 WARN  no build target for: D:\scalaweb\app\controllers\Kelompok.scala
2020.12.22 22:37:18 WARN  no build target for: D:\scalaweb\app\controllers\Kelompok.scala
2020.12.22 22:37:26 WARN  no build target for: D:\scalaweb\app\controllers\Kelompok.scala
2020.12.22 22:37:48 WARN  no build target for: D:\scalaweb\app\controllers\Kelompok.scala
2020.12.22 22:37:50 WARN  no build target for: D:\scalaweb\app\controllers\Kelompok.scala
2020.12.22 22:40:00 WARN  no build target for: D:\scalaweb\app\controllers\Kelompok.scala
2020.12.22 22:40:05 WARN  no build target for: D:\scalaweb\app\controllers\Kelompok.scala
2020.12.22 22:40:19 WARN  no build target for: D:\scalaweb\app\controllers\Kelompok.scala
2020.12.22 22:40:19 WARN  no build target for: D:\scalaweb\app\controllers\Kelompok.scala
2020.12.22 22:40:40 WARN  no build target for: D:\scalaweb\app\controllers\Kelompok.scala
2020.12.22 22:40:42 WARN  no build target for: D:\scalaweb\app\controllers\Kelompok.scala
2020.12.22 22:40:51 WARN  no build target for: D:\scalaweb\app\controllers\Kelompok.scala
2020.12.22 22:41:23 WARN  no build target for: D:\scalaweb\app\controllers\Kelompok.scala
2020.12.22 22:41:53 WARN  code navigation does not work for the file 'D:\scalaweb\app\controllers\Kelompok.scala' because it doesn't belong to a build target.
2020.12.22 22:41:53 WARN  no build target for: D:\scalaweb\app\controllers\Kelompok.scala
2020.12.22 22:41:58 WARN  code navigation does not work for the file 'D:\scalaweb\app\controllers\Kelompok.scala' because it doesn't belong to a build target.
2020.12.22 22:41:58 WARN  no build target for: D:\scalaweb\app\controllers\Kelompok.scala
2020.12.22 22:42:36 WARN  code navigation does not work for the file 'D:\scalaweb\app\controllers\Kelompok.scala' because it doesn't belong to a build target.
2020.12.22 22:42:36 WARN  no build target for: D:\scalaweb\app\controllers\Kelompok.scala
2020.12.22 22:45:13 WARN  no build target for: D:\scalaweb\app\controllers\Kelompok.scala
2020.12.22 22:45:33 WARN  no build target for: D:\scalaweb\app\controllers\Kelompok.scala
2020.12.22 22:45:33 WARN  code navigation does not work for the file 'D:\scalaweb\app\controllers\Kelompok.scala' because it doesn't belong to a build target.
2020.12.22 22:45:43 WARN  no build target for: D:\scalaweb\app\controllers\Kelompok.scala
2020.12.22 22:45:52 WARN  code navigation does not work for the file 'D:\scalaweb\app\controllers\Kelompok.scala' because it doesn't belong to a build target.
2020.12.22 22:45:52 WARN  code navigation does not work for the file 'D:\scalaweb\app\controllers\Kelompok.scala' because it doesn't belong to a build target.
2020.12.22 22:45:52 WARN  no build target for: D:\scalaweb\app\controllers\Kelompok.scala
2020.12.22 22:45:52 WARN  code navigation does not work for the file 'D:\scalaweb\app\controllers\Kelompok.scala' because it doesn't belong to a build target.
2020.12.22 22:45:54 WARN  code navigation does not work for the file 'D:\scalaweb\app\controllers\Kelompok.scala' because it doesn't belong to a build target.
2020.12.22 22:45:54 WARN  no build target for: D:\scalaweb\app\controllers\Kelompok.scala
2020.12.22 22:45:54 WARN  code navigation does not work for the file 'D:\scalaweb\app\controllers\Kelompok.scala' because it doesn't belong to a build target.
2020.12.22 22:46:04 WARN  code navigation does not work for the file 'D:\scalaweb\app\controllers\Kelompok.scala' because it doesn't belong to a build target.
2020.12.22 22:46:04 WARN  code navigation does not work for the file 'D:\scalaweb\app\controllers\Kelompok.scala' because it doesn't belong to a build target.
2020.12.22 22:46:07 WARN  code navigation does not work for the file 'D:\scalaweb\app\controllers\Kelompok.scala' because it doesn't belong to a build target.
2020.12.22 22:46:07 WARN  code navigation does not work for the file 'D:\scalaweb\app\controllers\Kelompok.scala' because it doesn't belong to a build target.
2020.12.22 22:46:07 WARN  no build target for: D:\scalaweb\app\controllers\Kelompok.scala
2020.12.22 22:46:07 WARN  code navigation does not work for the file 'D:\scalaweb\app\controllers\Kelompok.scala' because it doesn't belong to a build target.
2020.12.22 22:46:11 WARN  no build target for: D:\scalaweb\app\controllers\Kelompok.scala
2020.12.22 22:52:06 WARN  no build target for: D:\scalaweb\app\controllers\Kelompok.scala
2020.12.22 22:52:08 WARN  no build target for: D:\scalaweb\app\controllers\Kelompok.scala
2020.12.22 22:52:13 WARN  no build target for: D:\scalaweb\app\controllers\Kelompok.scala
2020.12.22 22:57:37 WARN  no build target for: D:\scalaweb\app\controllers\Kelompok.scala
2020.12.22 22:57:40 WARN  no build target for: D:\scalaweb\app\controllers\Kelompok.scala
2020.12.22 22:58:27 WARN  no build target for: D:\scalaweb\app\controllers\Kelompok.scala
2020.12.22 23:00:40 INFO  shutting down Metals
2020.12.22 23:11:23 INFO  Started: Metals version 0.9.8 in workspace 'D:\scalaweb' for client vscode.
2020.12.22 23:11:23 INFO  time: initialize in 0.39s
2020.12.22 23:11:24 WARN  Build server is not auto-connectable.
2020.12.22 23:11:24 INFO  skipping build import with status 'Requested'
2020.12.22 23:12:18 WARN  no build target for: D:\scalaweb\app\controllers\Kelompok.scala
2020.12.22 23:12:20 INFO  no build target: using presentation compiler with only scala-library
2020.12.22 23:12:22 WARN  no build target for: D:\scalaweb\app\controllers\Kelompok.scala
2020.12.22 23:12:22 WARN  no build target for: D:\scalaweb\app\controllers\Kelompok.scala
2020.12.22 23:13:10 WARN  no build target for: D:\scalaweb\app\controllers\Kelompok.scala
2020.12.22 23:13:13 WARN  no build target for: D:\scalaweb\app\controllers\Kelompok.scala
2020.12.22 23:13:19 WARN  no build target for: D:\scalaweb\app\controllers\Kelompok.scala
2020.12.22 23:14:51 WARN  no build target for: D:\scalaweb\app\controllers\Kelompok.scala
2020.12.22 23:14:54 WARN  no build target for: D:\scalaweb\app\controllers\Kelompok.scala
2020.12.22 23:15:20 WARN  code navigation does not work for the file 'D:\scalaweb\app\controllers\Kelompok.scala' because it doesn't belong to a build target.
2020.12.22 23:15:20 WARN  no build target for: D:\scalaweb\app\controllers\Kelompok.scala
2020.12.22 23:15:27 WARN  no build target for: D:\scalaweb\app\controllers\Kelompok.scala
2020.12.22 23:15:34 WARN  no build target for: D:\scalaweb\app\controllers\Kelompok.scala
2020.12.22 23:15:59 WARN  no build target for: D:\scalaweb\app\controllers\Kelompok.scala
2020.12.22 23:16:00 WARN  code navigation does not work for the file 'D:\scalaweb\app\controllers\Kelompok.scala' because it doesn't belong to a build target.
2020.12.22 23:16:02 WARN  no build target for: D:\scalaweb\app\controllers\Kelompok.scala
2020.12.22 23:16:07 WARN  no build target for: D:\scalaweb\app\controllers\Kelompok.scala
2020.12.22 23:16:09 WARN  no build target for: D:\scalaweb\app\controllers\Kelompok.scala
2020.12.22 23:16:13 WARN  no build target for: D:\scalaweb\app\controllers\Kelompok.scala
2020.12.22 23:16:16 WARN  no build target for: D:\scalaweb\app\controllers\Kelompok.scala
2020.12.22 23:16:16 WARN  code navigation does not work for the file 'D:\scalaweb\app\controllers\Kelompok.scala' because it doesn't belong to a build target.
2020.12.22 23:16:18 WARN  no build target for: D:\scalaweb\app\controllers\Kelompok.scala
2020.12.22 23:16:22 WARN  code navigation does not work for the file 'D:\scalaweb\app\controllers\Kelompok.scala' because it doesn't belong to a build target.
2020.12.22 23:16:22 WARN  no build target for: D:\scalaweb\app\controllers\Kelompok.scala
2020.12.22 23:16:26 WARN  no build target for: D:\scalaweb\app\controllers\Kelompok.scala
2020.12.22 23:16:44 WARN  code navigation does not work for the file 'D:\scalaweb\app\controllers\Kelompok.scala' because it doesn't belong to a build target.
2020.12.22 23:16:44 WARN  code navigation does not work for the file 'D:\scalaweb\app\controllers\Kelompok.scala' because it doesn't belong to a build target.
2020.12.22 23:16:46 WARN  no build target for: D:\scalaweb\app\controllers\Kelompok.scala
2020.12.22 23:16:46 WARN  code navigation does not work for the file 'D:\scalaweb\app\controllers\Kelompok.scala' because it doesn't belong to a build target.
2020.12.22 23:16:46 WARN  no build target for: D:\scalaweb\app\controllers\Kelompok.scala
2020.12.22 23:16:46 WARN  code navigation does not work for the file 'D:\scalaweb\app\controllers\Kelompok.scala' because it doesn't belong to a build target.
2020.12.22 23:16:53 WARN  code navigation does not work for the file 'D:\scalaweb\app\controllers\Kelompok.scala' because it doesn't belong to a build target.
2020.12.22 23:16:53 WARN  code navigation does not work for the file 'D:\scalaweb\app\controllers\Kelompok.scala' because it doesn't belong to a build target.
2020.12.22 23:16:53 WARN  code navigation does not work for the file 'D:\scalaweb\app\controllers\Kelompok.scala' because it doesn't belong to a build target.
2020.12.22 23:16:54 WARN  no build target for: D:\scalaweb\app\controllers\Kelompok.scala
2020.12.22 23:16:54 WARN  code navigation does not work for the file 'D:\scalaweb\app\controllers\Kelompok.scala' because it doesn't belong to a build target.
2020.12.22 23:16:58 WARN  code navigation does not work for the file 'D:\scalaweb\app\controllers\Kelompok.scala' because it doesn't belong to a build target.
2020.12.22 23:16:58 WARN  code navigation does not work for the file 'D:\scalaweb\app\controllers\Kelompok.scala' because it doesn't belong to a build target.
2020.12.22 23:16:58 WARN  code navigation does not work for the file 'D:\scalaweb\app\controllers\Kelompok.scala' because it doesn't belong to a build target.
2020.12.22 23:16:58 WARN  code navigation does not work for the file 'D:\scalaweb\app\controllers\Kelompok.scala' because it doesn't belong to a build target.
2020.12.22 23:17:07 WARN  no build target for: D:\scalaweb\app\controllers\Kelompok.scala
2020.12.22 23:17:10 WARN  code navigation does not work for the file 'D:\scalaweb\app\controllers\Kelompok.scala' because it doesn't belong to a build target.
2020.12.22 23:17:11 WARN  no build target for: D:\scalaweb\app\controllers\Kelompok.scala
2020.12.22 23:17:11 WARN  code navigation does not work for the file 'D:\scalaweb\app\controllers\Kelompok.scala' because it doesn't belong to a build target.
2020.12.22 23:17:15 WARN  code navigation does not work for the file 'D:\scalaweb\app\controllers\Kelompok.scala' because it doesn't belong to a build target.
2020.12.22 23:17:15 WARN  no build target for: D:\scalaweb\app\controllers\Kelompok.scala
2020.12.22 23:17:18 WARN  no build target for: D:\scalaweb\app\controllers\Kelompok.scala
2020.12.22 23:17:33 WARN  no build target for: D:\scalaweb\app\controllers\Kelompok.scala
2020.12.22 23:18:21 WARN  code navigation does not work for the file 'D:\scalaweb\app\controllers\Kelompok.scala' because it doesn't belong to a build target.
2020.12.22 23:18:21 WARN  code navigation does not work for the file 'D:\scalaweb\app\controllers\Kelompok.scala' because it doesn't belong to a build target.
2020.12.22 23:19:58 WARN  code navigation does not work for the file 'D:\scalaweb\app\controllers\Kelompok.scala' because it doesn't belong to a build target.
2020.12.22 23:21:59 WARN  no build target for: D:\scalaweb\app\controllers\Kelompok.scala
2020.12.22 23:22:43 WARN  code navigation does not work for the file 'D:\scalaweb\app\controllers\Kelompok.scala' because it doesn't belong to a build target.
2020.12.22 23:22:43 WARN  code navigation does not work for the file 'D:\scalaweb\app\controllers\Kelompok.scala' because it doesn't belong to a build target.
2020.12.22 23:22:43 WARN  no build target for: D:\scalaweb\app\controllers\Kelompok.scala
2020.12.22 23:25:57 WARN  no build target for: D:\scalaweb\app\controllers\Kelompok.scala
2020.12.22 23:25:59 WARN  no build target for: D:\scalaweb\app\controllers\Kelompok.scala
2020.12.22 23:26:18 WARN  no build target for: D:\scalaweb\app\controllers\Kelompok.scala
2020.12.22 23:49:13 INFO  Started: Metals version 0.9.8 in workspace 'D:\scalaweb' for client vscode.
2020.12.22 23:49:14 INFO  time: initialize in 0.35s
2020.12.22 23:49:18 WARN  Build server is not auto-connectable.
2020.12.22 23:49:18 INFO  skipping build import with status 'Requested'
2020.12.22 23:50:11 WARN  no build target for: D:\scalaweb\app\controllers\Kelompok.scala
2020.12.22 23:50:14 INFO  no build target: using presentation compiler with only scala-library
2020.12.22 23:50:53 WARN  code navigation does not work for the file 'D:\scalaweb\app\controllers\Kelompok.scala' because it doesn't belong to a build target.
2020.12.22 23:50:53 WARN  no build target for: D:\scalaweb\app\controllers\Kelompok.scala
2020.12.22 23:51:57 WARN  no build target for: D:\scalaweb\app\controllers\Kelompok.scala
2020.12.22 23:53:04 WARN  no build target for: D:\scalaweb\app\controllers\Kelompok.scala
2020.12.22 23:54:03 WARN  no build target for: D:\scalaweb\app\controllers\Kelompok.scala
2020.12.22 23:54:03 WARN  code navigation does not work for the file 'D:\scalaweb\app\controllers\Kelompok.scala' because it doesn't belong to a build target.
2020.12.22 23:54:03 WARN  no build target for: D:\scalaweb\app\controllers\Kelompok.scala
2020.12.22 23:54:03 WARN  code navigation does not work for the file 'D:\scalaweb\app\controllers\Kelompok.scala' because it doesn't belong to a build target.
2020.12.22 23:55:32 WARN  no build target for: D:\scalaweb\app\controllers\Kelompok.scala
2020.12.22 23:55:32 WARN  code navigation does not work for the file 'D:\scalaweb\app\controllers\Kelompok.scala' because it doesn't belong to a build target.
2020.12.22 23:56:10 WARN  no build target for: D:\scalaweb\app\controllers\Kelompok.scala
2020.12.22 23:56:20 WARN  no build target for: D:\scalaweb\app\controllers\Kelompok.scala
2020.12.22 23:56:35 WARN  code navigation does not work for the file 'D:\scalaweb\app\controllers\Kelompok.scala' because it doesn't belong to a build target.
2020.12.22 23:56:37 WARN  code navigation does not work for the file 'D:\scalaweb\app\controllers\Kelompok.scala' because it doesn't belong to a build target.
2020.12.22 23:56:37 WARN  code navigation does not work for the file 'D:\scalaweb\app\controllers\Kelompok.scala' because it doesn't belong to a build target.
2020.12.22 23:56:37 WARN  code navigation does not work for the file 'D:\scalaweb\app\controllers\Kelompok.scala' because it doesn't belong to a build target.
2020.12.22 23:56:37 WARN  no build target for: D:\scalaweb\app\controllers\Kelompok.scala
2020.12.22 23:56:37 WARN  code navigation does not work for the file 'D:\scalaweb\app\controllers\Kelompok.scala' because it doesn't belong to a build target.
2020.12.22 23:56:40 WARN  no build target for: D:\scalaweb\app\controllers\Kelompok.scala
2020.12.22 23:56:56 WARN  no build target for: D:\scalaweb\app\controllers\Kelompok.scala
2020.12.22 23:59:39 WARN  code navigation does not work for the file 'D:\scalaweb\app\controllers\Kelompok.scala' because it doesn't belong to a build target.
2020.12.22 23:59:47 WARN  no build target for: D:\scalaweb\app\controllers\Kelompok.scala
2020.12.22 23:59:53 WARN  no build target for: D:\scalaweb\app\controllers\Kelompok.scala
2020.12.22 23:59:56 WARN  no build target for: D:\scalaweb\app\controllers\Kelompok.scala
2020.12.22 23:59:59 WARN  no build target for: D:\scalaweb\app\controllers\Kelompok.scala
2020.12.23 00:00:07 WARN  no build target for: D:\scalaweb\app\controllers\Kelompok.scala
2020.12.23 00:01:01 WARN  no build target for: D:\scalaweb\app\controllers\Kelompok.scala
2020.12.23 00:02:37 WARN  code navigation does not work for the file 'D:\scalaweb\app\controllers\Kelompok.scala' because it doesn't belong to a build target.
2020.12.23 00:02:39 WARN  no build target for: D:\scalaweb\app\controllers\Kelompok.scala
2020.12.23 00:02:44 WARN  code navigation does not work for the file 'D:\scalaweb\app\controllers\Kelompok.scala' because it doesn't belong to a build target.
2020.12.23 00:02:44 WARN  no build target for: D:\scalaweb\app\controllers\Kelompok.scala
2020.12.23 00:02:44 WARN  code navigation does not work for the file 'D:\scalaweb\app\controllers\Kelompok.scala' because it doesn't belong to a build target.
2020.12.23 00:03:31 WARN  no build target for: D:\scalaweb\app\controllers\Kelompok.scala
2020.12.23 00:03:34 WARN  no build target for: D:\scalaweb\app\controllers\Kelompok.scala
2020.12.23 00:03:37 WARN  code navigation does not work for the file 'D:\scalaweb\app\controllers\Kelompok.scala' because it doesn't belong to a build target.
2020.12.23 00:03:37 WARN  no build target for: D:\scalaweb\app\controllers\Kelompok.scala
2020.12.23 00:03:37 WARN  code navigation does not work for the file 'D:\scalaweb\app\controllers\Kelompok.scala' because it doesn't belong to a build target.
2020.12.23 00:03:37 WARN  code navigation does not work for the file 'D:\scalaweb\app\controllers\Kelompok.scala' because it doesn't belong to a build target.
2020.12.23 00:03:46 WARN  no build target for: D:\scalaweb\app\controllers\Kelompok.scala
2020.12.23 01:18:44 INFO  Started: Metals version 0.9.8 in workspace 'D:\scalaweb' for client vscode.
2020.12.23 01:18:45 INFO  time: initialize in 0.46s
2020.12.23 01:18:50 WARN  Build server is not auto-connectable.
2020.12.23 01:18:50 WARN  no build target for: D:\scalaweb\app\controllers\Kelompok.scala
2020.12.23 01:18:50 INFO  skipping build import with status 'Requested'
2020.12.23 01:18:53 INFO  no build target: using presentation compiler with only scala-library
2020.12.23 01:22:58 WARN  no build target for: D:\scalaweb\app\controllers\Kelompok.scala
2020.12.23 01:23:02 WARN  code navigation does not work for the file 'D:\scalaweb\app\controllers\Kelompok.scala' because it doesn't belong to a build target.
2020.12.23 01:23:02 WARN  code navigation does not work for the file 'D:\scalaweb\app\controllers\Kelompok.scala' because it doesn't belong to a build target.
2020.12.23 01:23:02 WARN  no build target for: D:\scalaweb\app\controllers\Kelompok.scala
2020.12.23 01:23:02 WARN  code navigation does not work for the file 'D:\scalaweb\app\controllers\Kelompok.scala' because it doesn't belong to a build target.
2020.12.23 01:24:20 WARN  no build target for: D:\scalaweb\app\controllers\Kelompok.scala
2020.12.23 01:25:18 WARN  code navigation does not work for the file 'D:\scalaweb\app\controllers\Kelompok.scala' because it doesn't belong to a build target.
2020.12.23 01:25:21 WARN  no build target for: D:\scalaweb\app\controllers\Kelompok.scala
2020.12.23 01:25:46 WARN  code navigation does not work for the file 'D:\scalaweb\app\controllers\Kelompok.scala' because it doesn't belong to a build target.
2020.12.23 01:25:46 WARN  no build target for: D:\scalaweb\app\controllers\Kelompok.scala
2020.12.23 01:26:03 WARN  no build target for: D:\scalaweb\app\controllers\Kelompok.scala
2020.12.23 01:26:13 WARN  no build target for: D:\scalaweb\app\controllers\Kelompok.scala
2020.12.23 01:26:43 WARN  no build target for: D:\scalaweb\app\controllers\Kelompok.scala
2020.12.23 01:26:59 WARN  no build target for: D:\scalaweb\app\controllers\Kelompok.scala
2020.12.23 01:27:04 WARN  no build target for: D:\scalaweb\app\controllers\Kelompok.scala
2020.12.23 01:27:13 WARN  no build target for: D:\scalaweb\app\controllers\Kelompok.scala
2020.12.23 01:27:19 WARN  no build target for: D:\scalaweb\app\controllers\Kelompok.scala
2020.12.23 01:27:57 WARN  code navigation does not work for the file 'D:\scalaweb\app\controllers\Kelompok.scala' because it doesn't belong to a build target.
2020.12.23 01:27:57 WARN  no build target for: D:\scalaweb\app\controllers\Kelompok.scala
2020.12.23 01:27:57 WARN  code navigation does not work for the file 'D:\scalaweb\app\controllers\Kelompok.scala' because it doesn't belong to a build target.
2020.12.23 01:30:35 WARN  no build target for: D:\scalaweb\app\controllers\Kelompok.scala
2020.12.23 01:31:17 WARN  code navigation does not work for the file 'D:\scalaweb\app\controllers\Kelompok.scala' because it doesn't belong to a build target.
2020.12.23 01:31:17 WARN  no build target for: D:\scalaweb\app\controllers\Kelompok.scala
2020.12.23 01:31:17 WARN  code navigation does not work for the file 'D:\scalaweb\app\controllers\Kelompok.scala' because it doesn't belong to a build target.
2020.12.23 01:31:50 WARN  code navigation does not work for the file 'D:\scalaweb\app\controllers\Kelompok.scala' because it doesn't belong to a build target.
2020.12.23 01:31:50 WARN  code navigation does not work for the file 'D:\scalaweb\app\controllers\Kelompok.scala' because it doesn't belong to a build target.
2020.12.23 01:31:57 WARN  no build target for: D:\scalaweb\app\controllers\Kelompok.scala
2020.12.23 01:32:00 WARN  no build target for: D:\scalaweb\app\controllers\Kelompok.scala
2020.12.23 01:32:04 WARN  no build target for: D:\scalaweb\app\controllers\Kelompok.scala
2020.12.23 01:32:07 WARN  no build target for: D:\scalaweb\app\controllers\Kelompok.scala
2020.12.23 01:32:10 WARN  no build target for: D:\scalaweb\app\controllers\Kelompok.scala
2020.12.23 01:32:39 WARN  code navigation does not work for the file 'D:\scalaweb\app\controllers\Kelompok.scala' because it doesn't belong to a build target.
2020.12.23 01:32:44 WARN  no build target for: D:\scalaweb\app\controllers\Kelompok.scala
2020.12.23 01:32:56 WARN  no build target for: D:\scalaweb\app\controllers\Kelompok.scala
2020.12.23 01:33:08 WARN  no build target for: D:\scalaweb\app\controllers\Kelompok.scala
2020.12.23 01:33:17 WARN  no build target for: D:\scalaweb\app\controllers\Kelompok.scala
2020.12.23 01:33:20 WARN  code navigation does not work for the file 'D:\scalaweb\app\controllers\Kelompok.scala' because it doesn't belong to a build target.
2020.12.23 01:33:20 WARN  code navigation does not work for the file 'D:\scalaweb\app\controllers\Kelompok.scala' because it doesn't belong to a build target.
2020.12.23 01:35:35 WARN  no build target for: D:\scalaweb\app\controllers\Kelompok.scala
2020.12.23 01:35:42 WARN  no build target for: D:\scalaweb\app\controllers\Kelompok.scala
2020.12.23 01:35:45 WARN  no build target for: D:\scalaweb\app\controllers\Kelompok.scala
2020.12.23 01:36:06 WARN  code navigation does not work for the file 'D:\scalaweb\app\controllers\Kelompok.scala' because it doesn't belong to a build target.
2020.12.23 01:36:06 WARN  no build target for: D:\scalaweb\app\controllers\Kelompok.scala
2020.12.23 01:36:06 WARN  code navigation does not work for the file 'D:\scalaweb\app\controllers\Kelompok.scala' because it doesn't belong to a build target.
2020.12.23 01:36:36 WARN  code navigation does not work for the file 'D:\scalaweb\app\controllers\Kelompok.scala' because it doesn't belong to a build target.
2020.12.23 01:36:36 WARN  code navigation does not work for the file 'D:\scalaweb\app\controllers\Kelompok.scala' because it doesn't belong to a build target.
2020.12.23 01:36:36 WARN  no build target for: D:\scalaweb\app\controllers\Kelompok.scala
2020.12.23 01:36:36 WARN  code navigation does not work for the file 'D:\scalaweb\app\controllers\Kelompok.scala' because it doesn't belong to a build target.
2020.12.23 01:36:58 WARN  code navigation does not work for the file 'D:\scalaweb\app\controllers\Kelompok.scala' because it doesn't belong to a build target.
2020.12.23 01:36:58 WARN  code navigation does not work for the file 'D:\scalaweb\app\controllers\Kelompok.scala' because it doesn't belong to a build target.
2020.12.23 01:45:48 WARN  code navigation does not work for the file 'D:\scalaweb\app\controllers\Kelompok.scala' because it doesn't belong to a build target.
2020.12.23 01:45:48 WARN  code navigation does not work for the file 'D:\scalaweb\app\controllers\Kelompok.scala' because it doesn't belong to a build target.
2020.12.23 01:45:49 WARN  code navigation does not work for the file 'D:\scalaweb\app\controllers\Kelompok.scala' because it doesn't belong to a build target.
2020.12.23 01:45:49 WARN  code navigation does not work for the file 'D:\scalaweb\app\controllers\Kelompok.scala' because it doesn't belong to a build target.
2020.12.23 01:45:49 WARN  code navigation does not work for the file 'D:\scalaweb\app\controllers\Kelompok.scala' because it doesn't belong to a build target.
2020.12.23 01:45:50 WARN  no build target for: D:\scalaweb\app\controllers\Kelompok.scala
2020.12.23 01:52:23 WARN  no build target for: D:\scalaweb\app\controllers\Kelompok.scala
